<?xml version="1.0" encoding="UTF-8"?>
<!-- Generated by org.testng.reporters.JUnitReportReporter -->
<testsuite hostname="DESKTOP-RMVDHMS" failures="0" tests="1" name="hcyclewala.UploadDownload" time="11.885" errors="0" timestamp="2024-10-09T13:23:04 IST" skipped="0">
  <testcase classname="hcyclewala.UploadDownload" name="checking" time="11.885"/>
</testsuite> <!-- hcyclewala.UploadDownload -->
